The system is: Linux - 3.6.10-1-ARCH - x86_64
Compiling the C compiler identification source file "CMakeCCompilerId.c" succeeded.
Compiler: /usr/bin/cc 
Build flags: 
Id flags: 

The output was:
0


Compilation of the C compiler identification source "CMakeCCompilerId.c" produced "a.out"

The C compiler identification is GNU, found in "/mnt/windows/data/programming/CRAP/lib/openal/cmake-build/CMakeFiles/2.8.10.2/CompilerIdC/a.out"

Determining if the C compiler works passed with the following output:
Change Dir: /mnt/windows/data/programming/CRAP/lib/openal/cmake-build/CMakeFiles/CMakeTmp

Run Build Command:/usr/bin/make "cmTryCompileExec48503393/fast"
/usr/bin/make -f CMakeFiles/cmTryCompileExec48503393.dir/build.make CMakeFiles/cmTryCompileExec48503393.dir/build
make[1]: Entering directory `/mnt/windows/data/programming/CRAP/lib/openal/cmake-build/CMakeFiles/CMakeTmp'
/usr/bin/cmake -E cmake_progress_report /mnt/windows/data/programming/CRAP/lib/openal/cmake-build/CMakeFiles/CMakeTmp/CMakeFiles 1
Building C object CMakeFiles/cmTryCompileExec48503393.dir/testCCompiler.c.o
/usr/bin/cc    -o CMakeFiles/cmTryCompileExec48503393.dir/testCCompiler.c.o   -c /mnt/windows/data/programming/CRAP/lib/openal/cmake-build/CMakeFiles/CMakeTmp/testCCompiler.c
Linking C executable cmTryCompileExec48503393
/usr/bin/cmake -E cmake_link_script CMakeFiles/cmTryCompileExec48503393.dir/link.txt --verbose=1
/usr/bin/cc         CMakeFiles/cmTryCompileExec48503393.dir/testCCompiler.c.o  -o cmTryCompileExec48503393 -rdynamic 
make[1]: Leaving directory `/mnt/windows/data/programming/CRAP/lib/openal/cmake-build/CMakeFiles/CMakeTmp'


Detecting C compiler ABI info compiled with the following output:
Change Dir: /mnt/windows/data/programming/CRAP/lib/openal/cmake-build/CMakeFiles/CMakeTmp

Run Build Command:/usr/bin/make "cmTryCompileExec3981648707/fast"
/usr/bin/make -f CMakeFiles/cmTryCompileExec3981648707.dir/build.make CMakeFiles/cmTryCompileExec3981648707.dir/build
make[1]: Entering directory `/mnt/windows/data/programming/CRAP/lib/openal/cmake-build/CMakeFiles/CMakeTmp'
/usr/bin/cmake -E cmake_progress_report /mnt/windows/data/programming/CRAP/lib/openal/cmake-build/CMakeFiles/CMakeTmp/CMakeFiles 1
Building C object CMakeFiles/cmTryCompileExec3981648707.dir/CMakeCCompilerABI.c.o
/usr/bin/cc    -o CMakeFiles/cmTryCompileExec3981648707.dir/CMakeCCompilerABI.c.o   -c /usr/share/cmake-2.8/Modules/CMakeCCompilerABI.c
Linking C executable cmTryCompileExec3981648707
/usr/bin/cmake -E cmake_link_script CMakeFiles/cmTryCompileExec3981648707.dir/link.txt --verbose=1
/usr/bin/cc       -v CMakeFiles/cmTryCompileExec3981648707.dir/CMakeCCompilerABI.c.o  -o cmTryCompileExec3981648707 -rdynamic  
Using built-in specs.
COLLECT_GCC=/usr/bin/cc
COLLECT_LTO_WRAPPER=/usr/lib/gcc/x86_64-unknown-linux-gnu/4.7.2/lto-wrapper
Target: x86_64-unknown-linux-gnu
Configured with: /build/src/gcc-4.7.2/configure --prefix=/usr --libdir=/usr/lib --libexecdir=/usr/lib --mandir=/usr/share/man --infodir=/usr/share/info --with-bugurl=https://bugs.archlinux.org/ --enable-languages=c,c++,ada,fortran,go,lto,objc,obj-c++ --enable-shared --enable-threads=posix --with-system-zlib --enable-__cxa_atexit --disable-libunwind-exceptions --enable-clocale=gnu --disable-libstdcxx-pch --enable-libstdcxx-time --enable-gnu-unique-object --enable-linker-build-id --with-ppl --enable-cloog-backend=isl --disable-ppl-version-check --disable-cloog-version-check --enable-lto --enable-gold --enable-ld=default --enable-plugin --with-plugin-ld=ld.gold --with-linker-hash-style=gnu --disable-multilib --disable-libssp --disable-build-with-cxx --disable-build-poststage1-with-cxx --enable-checking=release
Thread model: posix
gcc version 4.7.2 (GCC) 
COMPILER_PATH=/usr/lib/gcc/x86_64-unknown-linux-gnu/4.7.2/:/usr/lib/gcc/x86_64-unknown-linux-gnu/4.7.2/:/usr/lib/gcc/x86_64-unknown-linux-gnu/:/usr/lib/gcc/x86_64-unknown-linux-gnu/4.7.2/:/usr/lib/gcc/x86_64-unknown-linux-gnu/
LIBRARY_PATH=/usr/lib/gcc/x86_64-unknown-linux-gnu/4.7.2/:/usr/lib/gcc/x86_64-unknown-linux-gnu/4.7.2/../../../../lib/:/lib/../lib/:/usr/lib/../lib/:/usr/lib/gcc/x86_64-unknown-linux-gnu/4.7.2/../../../:/lib/:/usr/lib/
COLLECT_GCC_OPTIONS='-v' '-o' 'cmTryCompileExec3981648707' '-rdynamic' '-mtune=generic' '-march=x86-64'
 /usr/lib/gcc/x86_64-unknown-linux-gnu/4.7.2/collect2 --build-id --eh-frame-hdr --hash-style=gnu -m elf_x86_64 -export-dynamic -dynamic-linker /lib/ld-linux-x86-64.so.2 -o cmTryCompileExec3981648707 /usr/lib/gcc/x86_64-unknown-linux-gnu/4.7.2/../../../../lib/crt1.o /usr/lib/gcc/x86_64-unknown-linux-gnu/4.7.2/../../../../lib/crti.o /usr/lib/gcc/x86_64-unknown-linux-gnu/4.7.2/crtbegin.o -L/usr/lib/gcc/x86_64-unknown-linux-gnu/4.7.2 -L/usr/lib/gcc/x86_64-unknown-linux-gnu/4.7.2/../../../../lib -L/lib/../lib -L/usr/lib/../lib -L/usr/lib/gcc/x86_64-unknown-linux-gnu/4.7.2/../../.. CMakeFiles/cmTryCompileExec3981648707.dir/CMakeCCompilerABI.c.o -lgcc --as-needed -lgcc_s --no-as-needed -lc -lgcc --as-needed -lgcc_s --no-as-needed /usr/lib/gcc/x86_64-unknown-linux-gnu/4.7.2/crtend.o /usr/lib/gcc/x86_64-unknown-linux-gnu/4.7.2/../../../../lib/crtn.o
make[1]: Leaving directory `/mnt/windows/data/programming/CRAP/lib/openal/cmake-build/CMakeFiles/CMakeTmp'


Parsed C implicit link information from above output:
  link line regex: [^( *|.*[/\])(ld|ld|collect2)[^/\]*( |$)]
  ignore line: [Change Dir: /mnt/windows/data/programming/CRAP/lib/openal/cmake-build/CMakeFiles/CMakeTmp]
  ignore line: []
  ignore line: [Run Build Command:/usr/bin/make "cmTryCompileExec3981648707/fast"]
  ignore line: [/usr/bin/make -f CMakeFiles/cmTryCompileExec3981648707.dir/build.make CMakeFiles/cmTryCompileExec3981648707.dir/build]
  ignore line: [make[1]: Entering directory `/mnt/windows/data/programming/CRAP/lib/openal/cmake-build/CMakeFiles/CMakeTmp']
  ignore line: [/usr/bin/cmake -E cmake_progress_report /mnt/windows/data/programming/CRAP/lib/openal/cmake-build/CMakeFiles/CMakeTmp/CMakeFiles 1]
  ignore line: [Building C object CMakeFiles/cmTryCompileExec3981648707.dir/CMakeCCompilerABI.c.o]
  ignore line: [/usr/bin/cc    -o CMakeFiles/cmTryCompileExec3981648707.dir/CMakeCCompilerABI.c.o   -c /usr/share/cmake-2.8/Modules/CMakeCCompilerABI.c]
  ignore line: [Linking C executable cmTryCompileExec3981648707]
  ignore line: [/usr/bin/cmake -E cmake_link_script CMakeFiles/cmTryCompileExec3981648707.dir/link.txt --verbose=1]
  ignore line: [/usr/bin/cc       -v CMakeFiles/cmTryCompileExec3981648707.dir/CMakeCCompilerABI.c.o  -o cmTryCompileExec3981648707 -rdynamic  ]
  ignore line: [Using built-in specs.]
  ignore line: [COLLECT_GCC=/usr/bin/cc]
  ignore line: [COLLECT_LTO_WRAPPER=/usr/lib/gcc/x86_64-unknown-linux-gnu/4.7.2/lto-wrapper]
  ignore line: [Target: x86_64-unknown-linux-gnu]
  ignore line: [Configured with: /build/src/gcc-4.7.2/configure --prefix=/usr --libdir=/usr/lib --libexecdir=/usr/lib --mandir=/usr/share/man --infodir=/usr/share/info --with-bugurl=https://bugs.archlinux.org/ --enable-languages=c,c++,ada,fortran,go,lto,objc,obj-c++ --enable-shared --enable-threads=posix --with-system-zlib --enable-__cxa_atexit --disable-libunwind-exceptions --enable-clocale=gnu --disable-libstdcxx-pch --enable-libstdcxx-time --enable-gnu-unique-object --enable-linker-build-id --with-ppl --enable-cloog-backend=isl --disable-ppl-version-check --disable-cloog-version-check --enable-lto --enable-gold --enable-ld=default --enable-plugin --with-plugin-ld=ld.gold --with-linker-hash-style=gnu --disable-multilib --disable-libssp --disable-build-with-cxx --disable-build-poststage1-with-cxx --enable-checking=release]
  ignore line: [Thread model: posix]
  ignore line: [gcc version 4.7.2 (GCC) ]
  ignore line: [COMPILER_PATH=/usr/lib/gcc/x86_64-unknown-linux-gnu/4.7.2/:/usr/lib/gcc/x86_64-unknown-linux-gnu/4.7.2/:/usr/lib/gcc/x86_64-unknown-linux-gnu/:/usr/lib/gcc/x86_64-unknown-linux-gnu/4.7.2/:/usr/lib/gcc/x86_64-unknown-linux-gnu/]
  ignore line: [LIBRARY_PATH=/usr/lib/gcc/x86_64-unknown-linux-gnu/4.7.2/:/usr/lib/gcc/x86_64-unknown-linux-gnu/4.7.2/../../../../lib/:/lib/../lib/:/usr/lib/../lib/:/usr/lib/gcc/x86_64-unknown-linux-gnu/4.7.2/../../../:/lib/:/usr/lib/]
  ignore line: [COLLECT_GCC_OPTIONS='-v' '-o' 'cmTryCompileExec3981648707' '-rdynamic' '-mtune=generic' '-march=x86-64']
  link line: [ /usr/lib/gcc/x86_64-unknown-linux-gnu/4.7.2/collect2 --build-id --eh-frame-hdr --hash-style=gnu -m elf_x86_64 -export-dynamic -dynamic-linker /lib/ld-linux-x86-64.so.2 -o cmTryCompileExec3981648707 /usr/lib/gcc/x86_64-unknown-linux-gnu/4.7.2/../../../../lib/crt1.o /usr/lib/gcc/x86_64-unknown-linux-gnu/4.7.2/../../../../lib/crti.o /usr/lib/gcc/x86_64-unknown-linux-gnu/4.7.2/crtbegin.o -L/usr/lib/gcc/x86_64-unknown-linux-gnu/4.7.2 -L/usr/lib/gcc/x86_64-unknown-linux-gnu/4.7.2/../../../../lib -L/lib/../lib -L/usr/lib/../lib -L/usr/lib/gcc/x86_64-unknown-linux-gnu/4.7.2/../../.. CMakeFiles/cmTryCompileExec3981648707.dir/CMakeCCompilerABI.c.o -lgcc --as-needed -lgcc_s --no-as-needed -lc -lgcc --as-needed -lgcc_s --no-as-needed /usr/lib/gcc/x86_64-unknown-linux-gnu/4.7.2/crtend.o /usr/lib/gcc/x86_64-unknown-linux-gnu/4.7.2/../../../../lib/crtn.o]
    arg [/usr/lib/gcc/x86_64-unknown-linux-gnu/4.7.2/collect2] ==> ignore
    arg [--build-id] ==> ignore
    arg [--eh-frame-hdr] ==> ignore
    arg [--hash-style=gnu] ==> ignore
    arg [-m] ==> ignore
    arg [elf_x86_64] ==> ignore
    arg [-export-dynamic] ==> ignore
    arg [-dynamic-linker] ==> ignore
    arg [/lib/ld-linux-x86-64.so.2] ==> ignore
    arg [-o] ==> ignore
    arg [cmTryCompileExec3981648707] ==> ignore
    arg [/usr/lib/gcc/x86_64-unknown-linux-gnu/4.7.2/../../../../lib/crt1.o] ==> ignore
    arg [/usr/lib/gcc/x86_64-unknown-linux-gnu/4.7.2/../../../../lib/crti.o] ==> ignore
    arg [/usr/lib/gcc/x86_64-unknown-linux-gnu/4.7.2/crtbegin.o] ==> ignore
    arg [-L/usr/lib/gcc/x86_64-unknown-linux-gnu/4.7.2] ==> dir [/usr/lib/gcc/x86_64-unknown-linux-gnu/4.7.2]
    arg [-L/usr/lib/gcc/x86_64-unknown-linux-gnu/4.7.2/../../../../lib] ==> dir [/usr/lib/gcc/x86_64-unknown-linux-gnu/4.7.2/../../../../lib]
    arg [-L/lib/../lib] ==> dir [/lib/../lib]
    arg [-L/usr/lib/../lib] ==> dir [/usr/lib/../lib]
    arg [-L/usr/lib/gcc/x86_64-unknown-linux-gnu/4.7.2/../../..] ==> dir [/usr/lib/gcc/x86_64-unknown-linux-gnu/4.7.2/../../..]
    arg [CMakeFiles/cmTryCompileExec3981648707.dir/CMakeCCompilerABI.c.o] ==> ignore
    arg [-lgcc] ==> lib [gcc]
    arg [--as-needed] ==> ignore
    arg [-lgcc_s] ==> lib [gcc_s]
    arg [--no-as-needed] ==> ignore
    arg [-lc] ==> lib [c]
    arg [-lgcc] ==> lib [gcc]
    arg [--as-needed] ==> ignore
    arg [-lgcc_s] ==> lib [gcc_s]
    arg [--no-as-needed] ==> ignore
    arg [/usr/lib/gcc/x86_64-unknown-linux-gnu/4.7.2/crtend.o] ==> ignore
    arg [/usr/lib/gcc/x86_64-unknown-linux-gnu/4.7.2/../../../../lib/crtn.o] ==> ignore
  remove lib [gcc]
  remove lib [gcc_s]
  remove lib [gcc]
  remove lib [gcc_s]
  collapse dir [/usr/lib/gcc/x86_64-unknown-linux-gnu/4.7.2] ==> [/usr/lib/gcc/x86_64-unknown-linux-gnu/4.7.2]
  collapse dir [/usr/lib/gcc/x86_64-unknown-linux-gnu/4.7.2/../../../../lib] ==> [/usr/lib]
  collapse dir [/lib/../lib] ==> [/lib]
  collapse dir [/usr/lib/../lib] ==> [/usr/lib]
  collapse dir [/usr/lib/gcc/x86_64-unknown-linux-gnu/4.7.2/../../..] ==> [/usr/lib]
  implicit libs: [c]
  implicit dirs: [/usr/lib/gcc/x86_64-unknown-linux-gnu/4.7.2;/usr/lib;/lib]


Determining if the include file sys/types.h exists passed with the following output:
Change Dir: /mnt/windows/data/programming/CRAP/lib/openal/cmake-build/CMakeFiles/CMakeTmp

Run Build Command:/usr/bin/make "cmTryCompileExec2848794883/fast"
/usr/bin/make -f CMakeFiles/cmTryCompileExec2848794883.dir/build.make CMakeFiles/cmTryCompileExec2848794883.dir/build
make[1]: Entering directory `/mnt/windows/data/programming/CRAP/lib/openal/cmake-build/CMakeFiles/CMakeTmp'
/usr/bin/cmake -E cmake_progress_report /mnt/windows/data/programming/CRAP/lib/openal/cmake-build/CMakeFiles/CMakeTmp/CMakeFiles 1
Building C object CMakeFiles/cmTryCompileExec2848794883.dir/CheckIncludeFile.c.o
/usr/bin/cc    -o CMakeFiles/cmTryCompileExec2848794883.dir/CheckIncludeFile.c.o   -c /mnt/windows/data/programming/CRAP/lib/openal/cmake-build/CMakeFiles/CMakeTmp/CheckIncludeFile.c
Linking C executable cmTryCompileExec2848794883
/usr/bin/cmake -E cmake_link_script CMakeFiles/cmTryCompileExec2848794883.dir/link.txt --verbose=1
/usr/bin/cc         CMakeFiles/cmTryCompileExec2848794883.dir/CheckIncludeFile.c.o  -o cmTryCompileExec2848794883 -rdynamic 
make[1]: Leaving directory `/mnt/windows/data/programming/CRAP/lib/openal/cmake-build/CMakeFiles/CMakeTmp'


Determining if the include file stdint.h exists passed with the following output:
Change Dir: /mnt/windows/data/programming/CRAP/lib/openal/cmake-build/CMakeFiles/CMakeTmp

Run Build Command:/usr/bin/make "cmTryCompileExec971969134/fast"
/usr/bin/make -f CMakeFiles/cmTryCompileExec971969134.dir/build.make CMakeFiles/cmTryCompileExec971969134.dir/build
make[1]: Entering directory `/mnt/windows/data/programming/CRAP/lib/openal/cmake-build/CMakeFiles/CMakeTmp'
/usr/bin/cmake -E cmake_progress_report /mnt/windows/data/programming/CRAP/lib/openal/cmake-build/CMakeFiles/CMakeTmp/CMakeFiles 1
Building C object CMakeFiles/cmTryCompileExec971969134.dir/CheckIncludeFile.c.o
/usr/bin/cc    -o CMakeFiles/cmTryCompileExec971969134.dir/CheckIncludeFile.c.o   -c /mnt/windows/data/programming/CRAP/lib/openal/cmake-build/CMakeFiles/CMakeTmp/CheckIncludeFile.c
Linking C executable cmTryCompileExec971969134
/usr/bin/cmake -E cmake_link_script CMakeFiles/cmTryCompileExec971969134.dir/link.txt --verbose=1
/usr/bin/cc         CMakeFiles/cmTryCompileExec971969134.dir/CheckIncludeFile.c.o  -o cmTryCompileExec971969134 -rdynamic 
make[1]: Leaving directory `/mnt/windows/data/programming/CRAP/lib/openal/cmake-build/CMakeFiles/CMakeTmp'


Determining if the include file stddef.h exists passed with the following output:
Change Dir: /mnt/windows/data/programming/CRAP/lib/openal/cmake-build/CMakeFiles/CMakeTmp

Run Build Command:/usr/bin/make "cmTryCompileExec48004832/fast"
/usr/bin/make -f CMakeFiles/cmTryCompileExec48004832.dir/build.make CMakeFiles/cmTryCompileExec48004832.dir/build
make[1]: Entering directory `/mnt/windows/data/programming/CRAP/lib/openal/cmake-build/CMakeFiles/CMakeTmp'
/usr/bin/cmake -E cmake_progress_report /mnt/windows/data/programming/CRAP/lib/openal/cmake-build/CMakeFiles/CMakeTmp/CMakeFiles 1
Building C object CMakeFiles/cmTryCompileExec48004832.dir/CheckIncludeFile.c.o
/usr/bin/cc    -o CMakeFiles/cmTryCompileExec48004832.dir/CheckIncludeFile.c.o   -c /mnt/windows/data/programming/CRAP/lib/openal/cmake-build/CMakeFiles/CMakeTmp/CheckIncludeFile.c
Linking C executable cmTryCompileExec48004832
/usr/bin/cmake -E cmake_link_script CMakeFiles/cmTryCompileExec48004832.dir/link.txt --verbose=1
/usr/bin/cc         CMakeFiles/cmTryCompileExec48004832.dir/CheckIncludeFile.c.o  -o cmTryCompileExec48004832 -rdynamic 
make[1]: Leaving directory `/mnt/windows/data/programming/CRAP/lib/openal/cmake-build/CMakeFiles/CMakeTmp'


Determining size of long passed with the following output:
Change Dir: /mnt/windows/data/programming/CRAP/lib/openal/cmake-build/CMakeFiles/CMakeTmp

Run Build Command:/usr/bin/make "cmTryCompileExec3020752303/fast"
/usr/bin/make -f CMakeFiles/cmTryCompileExec3020752303.dir/build.make CMakeFiles/cmTryCompileExec3020752303.dir/build
make[1]: Entering directory `/mnt/windows/data/programming/CRAP/lib/openal/cmake-build/CMakeFiles/CMakeTmp'
/usr/bin/cmake -E cmake_progress_report /mnt/windows/data/programming/CRAP/lib/openal/cmake-build/CMakeFiles/CMakeTmp/CMakeFiles 1
Building C object CMakeFiles/cmTryCompileExec3020752303.dir/SIZEOF_LONG.c.o
/usr/bin/cc    -o CMakeFiles/cmTryCompileExec3020752303.dir/SIZEOF_LONG.c.o   -c /mnt/windows/data/programming/CRAP/lib/openal/cmake-build/CMakeFiles/CheckTypeSize/SIZEOF_LONG.c
Linking C executable cmTryCompileExec3020752303
/usr/bin/cmake -E cmake_link_script CMakeFiles/cmTryCompileExec3020752303.dir/link.txt --verbose=1
/usr/bin/cc         CMakeFiles/cmTryCompileExec3020752303.dir/SIZEOF_LONG.c.o  -o cmTryCompileExec3020752303 -rdynamic 
make[1]: Leaving directory `/mnt/windows/data/programming/CRAP/lib/openal/cmake-build/CMakeFiles/CMakeTmp'


Determining size of long long passed with the following output:
Change Dir: /mnt/windows/data/programming/CRAP/lib/openal/cmake-build/CMakeFiles/CMakeTmp

Run Build Command:/usr/bin/make "cmTryCompileExec638904301/fast"
/usr/bin/make -f CMakeFiles/cmTryCompileExec638904301.dir/build.make CMakeFiles/cmTryCompileExec638904301.dir/build
make[1]: Entering directory `/mnt/windows/data/programming/CRAP/lib/openal/cmake-build/CMakeFiles/CMakeTmp'
/usr/bin/cmake -E cmake_progress_report /mnt/windows/data/programming/CRAP/lib/openal/cmake-build/CMakeFiles/CMakeTmp/CMakeFiles 1
Building C object CMakeFiles/cmTryCompileExec638904301.dir/SIZEOF_LONG_LONG.c.o
/usr/bin/cc    -o CMakeFiles/cmTryCompileExec638904301.dir/SIZEOF_LONG_LONG.c.o   -c /mnt/windows/data/programming/CRAP/lib/openal/cmake-build/CMakeFiles/CheckTypeSize/SIZEOF_LONG_LONG.c
Linking C executable cmTryCompileExec638904301
/usr/bin/cmake -E cmake_link_script CMakeFiles/cmTryCompileExec638904301.dir/link.txt --verbose=1
/usr/bin/cc         CMakeFiles/cmTryCompileExec638904301.dir/SIZEOF_LONG_LONG.c.o  -o cmTryCompileExec638904301 -rdynamic 
make[1]: Leaving directory `/mnt/windows/data/programming/CRAP/lib/openal/cmake-build/CMakeFiles/CMakeTmp'


Determining size of unsigned int passed with the following output:
Change Dir: /mnt/windows/data/programming/CRAP/lib/openal/cmake-build/CMakeFiles/CMakeTmp

Run Build Command:/usr/bin/make "cmTryCompileExec4039510423/fast"
/usr/bin/make -f CMakeFiles/cmTryCompileExec4039510423.dir/build.make CMakeFiles/cmTryCompileExec4039510423.dir/build
make[1]: Entering directory `/mnt/windows/data/programming/CRAP/lib/openal/cmake-build/CMakeFiles/CMakeTmp'
/usr/bin/cmake -E cmake_progress_report /mnt/windows/data/programming/CRAP/lib/openal/cmake-build/CMakeFiles/CMakeTmp/CMakeFiles 1
Building C object CMakeFiles/cmTryCompileExec4039510423.dir/SIZEOF_UINT.c.o
/usr/bin/cc    -o CMakeFiles/cmTryCompileExec4039510423.dir/SIZEOF_UINT.c.o   -c /mnt/windows/data/programming/CRAP/lib/openal/cmake-build/CMakeFiles/CheckTypeSize/SIZEOF_UINT.c
Linking C executable cmTryCompileExec4039510423
/usr/bin/cmake -E cmake_link_script CMakeFiles/cmTryCompileExec4039510423.dir/link.txt --verbose=1
/usr/bin/cc         CMakeFiles/cmTryCompileExec4039510423.dir/SIZEOF_UINT.c.o  -o cmTryCompileExec4039510423 -rdynamic 
make[1]: Leaving directory `/mnt/windows/data/programming/CRAP/lib/openal/cmake-build/CMakeFiles/CMakeTmp'


Determining size of void* passed with the following output:
Change Dir: /mnt/windows/data/programming/CRAP/lib/openal/cmake-build/CMakeFiles/CMakeTmp

Run Build Command:/usr/bin/make "cmTryCompileExec4001357422/fast"
/usr/bin/make -f CMakeFiles/cmTryCompileExec4001357422.dir/build.make CMakeFiles/cmTryCompileExec4001357422.dir/build
make[1]: Entering directory `/mnt/windows/data/programming/CRAP/lib/openal/cmake-build/CMakeFiles/CMakeTmp'
/usr/bin/cmake -E cmake_progress_report /mnt/windows/data/programming/CRAP/lib/openal/cmake-build/CMakeFiles/CMakeTmp/CMakeFiles 1
Building C object CMakeFiles/cmTryCompileExec4001357422.dir/SIZEOF_VOIDP.c.o
/usr/bin/cc    -o CMakeFiles/cmTryCompileExec4001357422.dir/SIZEOF_VOIDP.c.o   -c /mnt/windows/data/programming/CRAP/lib/openal/cmake-build/CMakeFiles/CheckTypeSize/SIZEOF_VOIDP.c
Linking C executable cmTryCompileExec4001357422
/usr/bin/cmake -E cmake_link_script CMakeFiles/cmTryCompileExec4001357422.dir/link.txt --verbose=1
/usr/bin/cc         CMakeFiles/cmTryCompileExec4001357422.dir/SIZEOF_VOIDP.c.o  -o cmTryCompileExec4001357422 -rdynamic 
make[1]: Leaving directory `/mnt/windows/data/programming/CRAP/lib/openal/cmake-build/CMakeFiles/CMakeTmp'


Performing C SOURCE FILE Test HAVE_W_EXTRA succeded with the following output:
Change Dir: /mnt/windows/data/programming/CRAP/lib/openal/cmake-build/CMakeFiles/CMakeTmp

Run Build Command:/usr/bin/make "cmTryCompileExec3330704429/fast"
/usr/bin/make -f CMakeFiles/cmTryCompileExec3330704429.dir/build.make CMakeFiles/cmTryCompileExec3330704429.dir/build
make[1]: Entering directory `/mnt/windows/data/programming/CRAP/lib/openal/cmake-build/CMakeFiles/CMakeTmp'
/usr/bin/cmake -E cmake_progress_report /mnt/windows/data/programming/CRAP/lib/openal/cmake-build/CMakeFiles/CMakeTmp/CMakeFiles 1
Building C object CMakeFiles/cmTryCompileExec3330704429.dir/src.c.o
/usr/bin/cc   -Wextra   -o CMakeFiles/cmTryCompileExec3330704429.dir/src.c.o   -c /mnt/windows/data/programming/CRAP/lib/openal/cmake-build/CMakeFiles/CMakeTmp/src.c
Linking C executable cmTryCompileExec3330704429
/usr/bin/cmake -E cmake_link_script CMakeFiles/cmTryCompileExec3330704429.dir/link.txt --verbose=1
/usr/bin/cc     -Wextra    CMakeFiles/cmTryCompileExec3330704429.dir/src.c.o  -o cmTryCompileExec3330704429 -rdynamic 
make[1]: Leaving directory `/mnt/windows/data/programming/CRAP/lib/openal/cmake-build/CMakeFiles/CMakeTmp'

Source file was:

Performing C SOURCE FILE Test HAVE_GCC_DESTRUCTOR succeded with the following output:
Change Dir: /mnt/windows/data/programming/CRAP/lib/openal/cmake-build/CMakeFiles/CMakeTmp

Run Build Command:/usr/bin/make "cmTryCompileExec2843039994/fast"
/usr/bin/make -f CMakeFiles/cmTryCompileExec2843039994.dir/build.make CMakeFiles/cmTryCompileExec2843039994.dir/build
make[1]: Entering directory `/mnt/windows/data/programming/CRAP/lib/openal/cmake-build/CMakeFiles/CMakeTmp'
/usr/bin/cmake -E cmake_progress_report /mnt/windows/data/programming/CRAP/lib/openal/cmake-build/CMakeFiles/CMakeTmp/CMakeFiles 1
Building C object CMakeFiles/cmTryCompileExec2843039994.dir/src.c.o
/usr/bin/cc   -DHAVE_GCC_DESTRUCTOR   -o CMakeFiles/cmTryCompileExec2843039994.dir/src.c.o   -c /mnt/windows/data/programming/CRAP/lib/openal/cmake-build/CMakeFiles/CMakeTmp/src.c
Linking C executable cmTryCompileExec2843039994
/usr/bin/cmake -E cmake_link_script CMakeFiles/cmTryCompileExec2843039994.dir/link.txt --verbose=1
/usr/bin/cc     -DHAVE_GCC_DESTRUCTOR    CMakeFiles/cmTryCompileExec2843039994.dir/src.c.o  -o cmTryCompileExec2843039994 -rdynamic 
make[1]: Leaving directory `/mnt/windows/data/programming/CRAP/lib/openal/cmake-build/CMakeFiles/CMakeTmp'

Source file was:
int foo() __attribute__((destructor));
                             int main() {return 0;}
Performing C SOURCE FILE Test HAVE_VISIBILITY_SWITCH succeded with the following output:
Change Dir: /mnt/windows/data/programming/CRAP/lib/openal/cmake-build/CMakeFiles/CMakeTmp

Run Build Command:/usr/bin/make "cmTryCompileExec2313252849/fast"
/usr/bin/make -f CMakeFiles/cmTryCompileExec2313252849.dir/build.make CMakeFiles/cmTryCompileExec2313252849.dir/build
make[1]: Entering directory `/mnt/windows/data/programming/CRAP/lib/openal/cmake-build/CMakeFiles/CMakeTmp'
/usr/bin/cmake -E cmake_progress_report /mnt/windows/data/programming/CRAP/lib/openal/cmake-build/CMakeFiles/CMakeTmp/CMakeFiles 1
Building C object CMakeFiles/cmTryCompileExec2313252849.dir/src.c.o
/usr/bin/cc   -fvisibility=internal   -o CMakeFiles/cmTryCompileExec2313252849.dir/src.c.o   -c /mnt/windows/data/programming/CRAP/lib/openal/cmake-build/CMakeFiles/CMakeTmp/src.c
Linking C executable cmTryCompileExec2313252849
/usr/bin/cmake -E cmake_link_script CMakeFiles/cmTryCompileExec2313252849.dir/link.txt --verbose=1
/usr/bin/cc     -fvisibility=internal    CMakeFiles/cmTryCompileExec2313252849.dir/src.c.o  -o cmTryCompileExec2313252849 -rdynamic 
make[1]: Leaving directory `/mnt/windows/data/programming/CRAP/lib/openal/cmake-build/CMakeFiles/CMakeTmp'

Source file was:

Performing C SOURCE FILE Test HAVE_GCC_VISIBILITY succeded with the following output:
Change Dir: /mnt/windows/data/programming/CRAP/lib/openal/cmake-build/CMakeFiles/CMakeTmp

Run Build Command:/usr/bin/make "cmTryCompileExec315634734/fast"
/usr/bin/make -f CMakeFiles/cmTryCompileExec315634734.dir/build.make CMakeFiles/cmTryCompileExec315634734.dir/build
make[1]: Entering directory `/mnt/windows/data/programming/CRAP/lib/openal/cmake-build/CMakeFiles/CMakeTmp'
/usr/bin/cmake -E cmake_progress_report /mnt/windows/data/programming/CRAP/lib/openal/cmake-build/CMakeFiles/CMakeTmp/CMakeFiles 1
Building C object CMakeFiles/cmTryCompileExec315634734.dir/src.c.o
/usr/bin/cc   -DHAVE_GCC_VISIBILITY   -o CMakeFiles/cmTryCompileExec315634734.dir/src.c.o   -c /mnt/windows/data/programming/CRAP/lib/openal/cmake-build/CMakeFiles/CMakeTmp/src.c
Linking C executable cmTryCompileExec315634734
/usr/bin/cmake -E cmake_link_script CMakeFiles/cmTryCompileExec315634734.dir/link.txt --verbose=1
/usr/bin/cc     -DHAVE_GCC_VISIBILITY    CMakeFiles/cmTryCompileExec315634734.dir/src.c.o  -o cmTryCompileExec315634734 -rdynamic 
make[1]: Leaving directory `/mnt/windows/data/programming/CRAP/lib/openal/cmake-build/CMakeFiles/CMakeTmp'

Source file was:
int foo() __attribute__((visibility("default")));
                                     int main() {return 0;}
Performing C SOURCE FILE Test HAVE_GCC_FORMAT succeded with the following output:
Change Dir: /mnt/windows/data/programming/CRAP/lib/openal/cmake-build/CMakeFiles/CMakeTmp

Run Build Command:/usr/bin/make "cmTryCompileExec2600364180/fast"
/usr/bin/make -f CMakeFiles/cmTryCompileExec2600364180.dir/build.make CMakeFiles/cmTryCompileExec2600364180.dir/build
make[1]: Entering directory `/mnt/windows/data/programming/CRAP/lib/openal/cmake-build/CMakeFiles/CMakeTmp'
/usr/bin/cmake -E cmake_progress_report /mnt/windows/data/programming/CRAP/lib/openal/cmake-build/CMakeFiles/CMakeTmp/CMakeFiles 1
Building C object CMakeFiles/cmTryCompileExec2600364180.dir/src.c.o
/usr/bin/cc   -DHAVE_GCC_FORMAT   -o CMakeFiles/cmTryCompileExec2600364180.dir/src.c.o   -c /mnt/windows/data/programming/CRAP/lib/openal/cmake-build/CMakeFiles/CMakeTmp/src.c
Linking C executable cmTryCompileExec2600364180
/usr/bin/cmake -E cmake_link_script CMakeFiles/cmTryCompileExec2600364180.dir/link.txt --verbose=1
/usr/bin/cc     -DHAVE_GCC_FORMAT    CMakeFiles/cmTryCompileExec2600364180.dir/src.c.o  -o cmTryCompileExec2600364180 -rdynamic 
make[1]: Leaving directory `/mnt/windows/data/programming/CRAP/lib/openal/cmake-build/CMakeFiles/CMakeTmp'

Source file was:
int foo(const char *str, ...) __attribute__((format(printf, 1, 2)));
                         int main() {return 0;}
Determining if the include file fenv.h exists passed with the following output:
Change Dir: /mnt/windows/data/programming/CRAP/lib/openal/cmake-build/CMakeFiles/CMakeTmp

Run Build Command:/usr/bin/make "cmTryCompileExec3238497615/fast"
/usr/bin/make -f CMakeFiles/cmTryCompileExec3238497615.dir/build.make CMakeFiles/cmTryCompileExec3238497615.dir/build
make[1]: Entering directory `/mnt/windows/data/programming/CRAP/lib/openal/cmake-build/CMakeFiles/CMakeTmp'
/usr/bin/cmake -E cmake_progress_report /mnt/windows/data/programming/CRAP/lib/openal/cmake-build/CMakeFiles/CMakeTmp/CMakeFiles 1
Building C object CMakeFiles/cmTryCompileExec3238497615.dir/CheckIncludeFile.c.o
/usr/bin/cc    -o CMakeFiles/cmTryCompileExec3238497615.dir/CheckIncludeFile.c.o   -c /mnt/windows/data/programming/CRAP/lib/openal/cmake-build/CMakeFiles/CMakeTmp/CheckIncludeFile.c
Linking C executable cmTryCompileExec3238497615
/usr/bin/cmake -E cmake_link_script CMakeFiles/cmTryCompileExec3238497615.dir/link.txt --verbose=1
/usr/bin/cc         CMakeFiles/cmTryCompileExec3238497615.dir/CheckIncludeFile.c.o  -o cmTryCompileExec3238497615 -rdynamic 
make[1]: Leaving directory `/mnt/windows/data/programming/CRAP/lib/openal/cmake-build/CMakeFiles/CMakeTmp'


Determining if the include file float.h exists passed with the following output:
Change Dir: /mnt/windows/data/programming/CRAP/lib/openal/cmake-build/CMakeFiles/CMakeTmp

Run Build Command:/usr/bin/make "cmTryCompileExec3414420069/fast"
/usr/bin/make -f CMakeFiles/cmTryCompileExec3414420069.dir/build.make CMakeFiles/cmTryCompileExec3414420069.dir/build
make[1]: Entering directory `/mnt/windows/data/programming/CRAP/lib/openal/cmake-build/CMakeFiles/CMakeTmp'
/usr/bin/cmake -E cmake_progress_report /mnt/windows/data/programming/CRAP/lib/openal/cmake-build/CMakeFiles/CMakeTmp/CMakeFiles 1
Building C object CMakeFiles/cmTryCompileExec3414420069.dir/CheckIncludeFile.c.o
/usr/bin/cc    -o CMakeFiles/cmTryCompileExec3414420069.dir/CheckIncludeFile.c.o   -c /mnt/windows/data/programming/CRAP/lib/openal/cmake-build/CMakeFiles/CMakeTmp/CheckIncludeFile.c
Linking C executable cmTryCompileExec3414420069
/usr/bin/cmake -E cmake_link_script CMakeFiles/cmTryCompileExec3414420069.dir/link.txt --verbose=1
/usr/bin/cc         CMakeFiles/cmTryCompileExec3414420069.dir/CheckIncludeFile.c.o  -o cmTryCompileExec3414420069 -rdynamic 
make[1]: Leaving directory `/mnt/windows/data/programming/CRAP/lib/openal/cmake-build/CMakeFiles/CMakeTmp'


Determining if the function powf exists in the m passed with the following output:
Change Dir: /mnt/windows/data/programming/CRAP/lib/openal/cmake-build/CMakeFiles/CMakeTmp

Run Build Command:/usr/bin/make "cmTryCompileExec3759407940/fast"
/usr/bin/make -f CMakeFiles/cmTryCompileExec3759407940.dir/build.make CMakeFiles/cmTryCompileExec3759407940.dir/build
make[1]: Entering directory `/mnt/windows/data/programming/CRAP/lib/openal/cmake-build/CMakeFiles/CMakeTmp'
/usr/bin/cmake -E cmake_progress_report /mnt/windows/data/programming/CRAP/lib/openal/cmake-build/CMakeFiles/CMakeTmp/CMakeFiles 1
Building C object CMakeFiles/cmTryCompileExec3759407940.dir/CheckFunctionExists.c.o
/usr/bin/cc   -DCHECK_FUNCTION_EXISTS=powf   -o CMakeFiles/cmTryCompileExec3759407940.dir/CheckFunctionExists.c.o   -c /usr/share/cmake-2.8/Modules/CheckFunctionExists.c
/usr/share/cmake-2.8/Modules/CheckFunctionExists.c:3:6: warning: conflicting types for built-in function ‘powf’ [enabled by default]
Linking C executable cmTryCompileExec3759407940
/usr/bin/cmake -E cmake_link_script CMakeFiles/cmTryCompileExec3759407940.dir/link.txt --verbose=1
/usr/bin/cc     -DCHECK_FUNCTION_EXISTS=powf    CMakeFiles/cmTryCompileExec3759407940.dir/CheckFunctionExists.c.o  -o cmTryCompileExec3759407940 -rdynamic -lm 
make[1]: Leaving directory `/mnt/windows/data/programming/CRAP/lib/openal/cmake-build/CMakeFiles/CMakeTmp'


Determining if the function sqrtf exists in the m passed with the following output:
Change Dir: /mnt/windows/data/programming/CRAP/lib/openal/cmake-build/CMakeFiles/CMakeTmp

Run Build Command:/usr/bin/make "cmTryCompileExec462415933/fast"
/usr/bin/make -f CMakeFiles/cmTryCompileExec462415933.dir/build.make CMakeFiles/cmTryCompileExec462415933.dir/build
make[1]: Entering directory `/mnt/windows/data/programming/CRAP/lib/openal/cmake-build/CMakeFiles/CMakeTmp'
/usr/bin/cmake -E cmake_progress_report /mnt/windows/data/programming/CRAP/lib/openal/cmake-build/CMakeFiles/CMakeTmp/CMakeFiles 1
Building C object CMakeFiles/cmTryCompileExec462415933.dir/CheckFunctionExists.c.o
/usr/bin/cc   -DCHECK_FUNCTION_EXISTS=sqrtf   -o CMakeFiles/cmTryCompileExec462415933.dir/CheckFunctionExists.c.o   -c /usr/share/cmake-2.8/Modules/CheckFunctionExists.c
/usr/share/cmake-2.8/Modules/CheckFunctionExists.c:3:6: warning: conflicting types for built-in function ‘sqrtf’ [enabled by default]
Linking C executable cmTryCompileExec462415933
/usr/bin/cmake -E cmake_link_script CMakeFiles/cmTryCompileExec462415933.dir/link.txt --verbose=1
/usr/bin/cc     -DCHECK_FUNCTION_EXISTS=sqrtf    CMakeFiles/cmTryCompileExec462415933.dir/CheckFunctionExists.c.o  -o cmTryCompileExec462415933 -rdynamic -lm 
make[1]: Leaving directory `/mnt/windows/data/programming/CRAP/lib/openal/cmake-build/CMakeFiles/CMakeTmp'


Determining if the function acosf exists in the m passed with the following output:
Change Dir: /mnt/windows/data/programming/CRAP/lib/openal/cmake-build/CMakeFiles/CMakeTmp

Run Build Command:/usr/bin/make "cmTryCompileExec3339445427/fast"
/usr/bin/make -f CMakeFiles/cmTryCompileExec3339445427.dir/build.make CMakeFiles/cmTryCompileExec3339445427.dir/build
make[1]: Entering directory `/mnt/windows/data/programming/CRAP/lib/openal/cmake-build/CMakeFiles/CMakeTmp'
/usr/bin/cmake -E cmake_progress_report /mnt/windows/data/programming/CRAP/lib/openal/cmake-build/CMakeFiles/CMakeTmp/CMakeFiles 1
Building C object CMakeFiles/cmTryCompileExec3339445427.dir/CheckFunctionExists.c.o
/usr/bin/cc   -DCHECK_FUNCTION_EXISTS=acosf   -o CMakeFiles/cmTryCompileExec3339445427.dir/CheckFunctionExists.c.o   -c /usr/share/cmake-2.8/Modules/CheckFunctionExists.c
/usr/share/cmake-2.8/Modules/CheckFunctionExists.c:3:6: warning: conflicting types for built-in function ‘acosf’ [enabled by default]
Linking C executable cmTryCompileExec3339445427
/usr/bin/cmake -E cmake_link_script CMakeFiles/cmTryCompileExec3339445427.dir/link.txt --verbose=1
/usr/bin/cc     -DCHECK_FUNCTION_EXISTS=acosf    CMakeFiles/cmTryCompileExec3339445427.dir/CheckFunctionExists.c.o  -o cmTryCompileExec3339445427 -rdynamic -lm 
make[1]: Leaving directory `/mnt/windows/data/programming/CRAP/lib/openal/cmake-build/CMakeFiles/CMakeTmp'


Determining if the function atanf exists in the m passed with the following output:
Change Dir: /mnt/windows/data/programming/CRAP/lib/openal/cmake-build/CMakeFiles/CMakeTmp

Run Build Command:/usr/bin/make "cmTryCompileExec381057816/fast"
/usr/bin/make -f CMakeFiles/cmTryCompileExec381057816.dir/build.make CMakeFiles/cmTryCompileExec381057816.dir/build
make[1]: Entering directory `/mnt/windows/data/programming/CRAP/lib/openal/cmake-build/CMakeFiles/CMakeTmp'
/usr/bin/cmake -E cmake_progress_report /mnt/windows/data/programming/CRAP/lib/openal/cmake-build/CMakeFiles/CMakeTmp/CMakeFiles 1
Building C object CMakeFiles/cmTryCompileExec381057816.dir/CheckFunctionExists.c.o
/usr/bin/cc   -DCHECK_FUNCTION_EXISTS=atanf   -o CMakeFiles/cmTryCompileExec381057816.dir/CheckFunctionExists.c.o   -c /usr/share/cmake-2.8/Modules/CheckFunctionExists.c
/usr/share/cmake-2.8/Modules/CheckFunctionExists.c:3:6: warning: conflicting types for built-in function ‘atanf’ [enabled by default]
Linking C executable cmTryCompileExec381057816
/usr/bin/cmake -E cmake_link_script CMakeFiles/cmTryCompileExec381057816.dir/link.txt --verbose=1
/usr/bin/cc     -DCHECK_FUNCTION_EXISTS=atanf    CMakeFiles/cmTryCompileExec381057816.dir/CheckFunctionExists.c.o  -o cmTryCompileExec381057816 -rdynamic -lm 
make[1]: Leaving directory `/mnt/windows/data/programming/CRAP/lib/openal/cmake-build/CMakeFiles/CMakeTmp'


Determining if the function fabsf exists in the m passed with the following output:
Change Dir: /mnt/windows/data/programming/CRAP/lib/openal/cmake-build/CMakeFiles/CMakeTmp

Run Build Command:/usr/bin/make "cmTryCompileExec3724121005/fast"
/usr/bin/make -f CMakeFiles/cmTryCompileExec3724121005.dir/build.make CMakeFiles/cmTryCompileExec3724121005.dir/build
make[1]: Entering directory `/mnt/windows/data/programming/CRAP/lib/openal/cmake-build/CMakeFiles/CMakeTmp'
/usr/bin/cmake -E cmake_progress_report /mnt/windows/data/programming/CRAP/lib/openal/cmake-build/CMakeFiles/CMakeTmp/CMakeFiles 1
Building C object CMakeFiles/cmTryCompileExec3724121005.dir/CheckFunctionExists.c.o
/usr/bin/cc   -DCHECK_FUNCTION_EXISTS=fabsf   -o CMakeFiles/cmTryCompileExec3724121005.dir/CheckFunctionExists.c.o   -c /usr/share/cmake-2.8/Modules/CheckFunctionExists.c
/usr/share/cmake-2.8/Modules/CheckFunctionExists.c:3:6: warning: conflicting types for built-in function ‘fabsf’ [enabled by default]
Linking C executable cmTryCompileExec3724121005
/usr/bin/cmake -E cmake_link_script CMakeFiles/cmTryCompileExec3724121005.dir/link.txt --verbose=1
/usr/bin/cc     -DCHECK_FUNCTION_EXISTS=fabsf    CMakeFiles/cmTryCompileExec3724121005.dir/CheckFunctionExists.c.o  -o cmTryCompileExec3724121005 -rdynamic -lm 
make[1]: Leaving directory `/mnt/windows/data/programming/CRAP/lib/openal/cmake-build/CMakeFiles/CMakeTmp'


Determining if the function fesetround exists in the m passed with the following output:
Change Dir: /mnt/windows/data/programming/CRAP/lib/openal/cmake-build/CMakeFiles/CMakeTmp

Run Build Command:/usr/bin/make "cmTryCompileExec696791555/fast"
/usr/bin/make -f CMakeFiles/cmTryCompileExec696791555.dir/build.make CMakeFiles/cmTryCompileExec696791555.dir/build
make[1]: Entering directory `/mnt/windows/data/programming/CRAP/lib/openal/cmake-build/CMakeFiles/CMakeTmp'
/usr/bin/cmake -E cmake_progress_report /mnt/windows/data/programming/CRAP/lib/openal/cmake-build/CMakeFiles/CMakeTmp/CMakeFiles 1
Building C object CMakeFiles/cmTryCompileExec696791555.dir/CheckFunctionExists.c.o
/usr/bin/cc   -DCHECK_FUNCTION_EXISTS=fesetround   -o CMakeFiles/cmTryCompileExec696791555.dir/CheckFunctionExists.c.o   -c /usr/share/cmake-2.8/Modules/CheckFunctionExists.c
Linking C executable cmTryCompileExec696791555
/usr/bin/cmake -E cmake_link_script CMakeFiles/cmTryCompileExec696791555.dir/link.txt --verbose=1
/usr/bin/cc     -DCHECK_FUNCTION_EXISTS=fesetround    CMakeFiles/cmTryCompileExec696791555.dir/CheckFunctionExists.c.o  -o cmTryCompileExec696791555 -rdynamic -lm 
make[1]: Leaving directory `/mnt/windows/data/programming/CRAP/lib/openal/cmake-build/CMakeFiles/CMakeTmp'


Determining if the function strtof exists passed with the following output:
Change Dir: /mnt/windows/data/programming/CRAP/lib/openal/cmake-build/CMakeFiles/CMakeTmp

Run Build Command:/usr/bin/make "cmTryCompileExec393820128/fast"
/usr/bin/make -f CMakeFiles/cmTryCompileExec393820128.dir/build.make CMakeFiles/cmTryCompileExec393820128.dir/build
make[1]: Entering directory `/mnt/windows/data/programming/CRAP/lib/openal/cmake-build/CMakeFiles/CMakeTmp'
/usr/bin/cmake -E cmake_progress_report /mnt/windows/data/programming/CRAP/lib/openal/cmake-build/CMakeFiles/CMakeTmp/CMakeFiles 1
Building C object CMakeFiles/cmTryCompileExec393820128.dir/CheckFunctionExists.c.o
/usr/bin/cc   -DCHECK_FUNCTION_EXISTS=strtof   -o CMakeFiles/cmTryCompileExec393820128.dir/CheckFunctionExists.c.o   -c /usr/share/cmake-2.8/Modules/CheckFunctionExists.c
Linking C executable cmTryCompileExec393820128
/usr/bin/cmake -E cmake_link_script CMakeFiles/cmTryCompileExec393820128.dir/link.txt --verbose=1
/usr/bin/cc     -DCHECK_FUNCTION_EXISTS=strtof    CMakeFiles/cmTryCompileExec393820128.dir/CheckFunctionExists.c.o  -o cmTryCompileExec393820128 -rdynamic 
make[1]: Leaving directory `/mnt/windows/data/programming/CRAP/lib/openal/cmake-build/CMakeFiles/CMakeTmp'


Determining if the function stat exists passed with the following output:
Change Dir: /mnt/windows/data/programming/CRAP/lib/openal/cmake-build/CMakeFiles/CMakeTmp

Run Build Command:/usr/bin/make "cmTryCompileExec4127474751/fast"
/usr/bin/make -f CMakeFiles/cmTryCompileExec4127474751.dir/build.make CMakeFiles/cmTryCompileExec4127474751.dir/build
make[1]: Entering directory `/mnt/windows/data/programming/CRAP/lib/openal/cmake-build/CMakeFiles/CMakeTmp'
/usr/bin/cmake -E cmake_progress_report /mnt/windows/data/programming/CRAP/lib/openal/cmake-build/CMakeFiles/CMakeTmp/CMakeFiles 1
Building C object CMakeFiles/cmTryCompileExec4127474751.dir/CheckFunctionExists.c.o
/usr/bin/cc   -DCHECK_FUNCTION_EXISTS=stat   -o CMakeFiles/cmTryCompileExec4127474751.dir/CheckFunctionExists.c.o   -c /usr/share/cmake-2.8/Modules/CheckFunctionExists.c
Linking C executable cmTryCompileExec4127474751
/usr/bin/cmake -E cmake_link_script CMakeFiles/cmTryCompileExec4127474751.dir/link.txt --verbose=1
/usr/bin/cc     -DCHECK_FUNCTION_EXISTS=stat    CMakeFiles/cmTryCompileExec4127474751.dir/CheckFunctionExists.c.o  -o cmTryCompileExec4127474751 -rdynamic 
make[1]: Leaving directory `/mnt/windows/data/programming/CRAP/lib/openal/cmake-build/CMakeFiles/CMakeTmp'


Determining if the function strcasecmp exists passed with the following output:
Change Dir: /mnt/windows/data/programming/CRAP/lib/openal/cmake-build/CMakeFiles/CMakeTmp

Run Build Command:/usr/bin/make "cmTryCompileExec3723138870/fast"
/usr/bin/make -f CMakeFiles/cmTryCompileExec3723138870.dir/build.make CMakeFiles/cmTryCompileExec3723138870.dir/build
make[1]: Entering directory `/mnt/windows/data/programming/CRAP/lib/openal/cmake-build/CMakeFiles/CMakeTmp'
/usr/bin/cmake -E cmake_progress_report /mnt/windows/data/programming/CRAP/lib/openal/cmake-build/CMakeFiles/CMakeTmp/CMakeFiles 1
Building C object CMakeFiles/cmTryCompileExec3723138870.dir/CheckFunctionExists.c.o
/usr/bin/cc   -DCHECK_FUNCTION_EXISTS=strcasecmp   -o CMakeFiles/cmTryCompileExec3723138870.dir/CheckFunctionExists.c.o   -c /usr/share/cmake-2.8/Modules/CheckFunctionExists.c
/usr/share/cmake-2.8/Modules/CheckFunctionExists.c:3:6: warning: conflicting types for built-in function ‘strcasecmp’ [enabled by default]
Linking C executable cmTryCompileExec3723138870
/usr/bin/cmake -E cmake_link_script CMakeFiles/cmTryCompileExec3723138870.dir/link.txt --verbose=1
/usr/bin/cc     -DCHECK_FUNCTION_EXISTS=strcasecmp    CMakeFiles/cmTryCompileExec3723138870.dir/CheckFunctionExists.c.o  -o cmTryCompileExec3723138870 -rdynamic 
make[1]: Leaving directory `/mnt/windows/data/programming/CRAP/lib/openal/cmake-build/CMakeFiles/CMakeTmp'


Determining if the function strncasecmp exists passed with the following output:
Change Dir: /mnt/windows/data/programming/CRAP/lib/openal/cmake-build/CMakeFiles/CMakeTmp

Run Build Command:/usr/bin/make "cmTryCompileExec2604171059/fast"
/usr/bin/make -f CMakeFiles/cmTryCompileExec2604171059.dir/build.make CMakeFiles/cmTryCompileExec2604171059.dir/build
make[1]: Entering directory `/mnt/windows/data/programming/CRAP/lib/openal/cmake-build/CMakeFiles/CMakeTmp'
/usr/bin/cmake -E cmake_progress_report /mnt/windows/data/programming/CRAP/lib/openal/cmake-build/CMakeFiles/CMakeTmp/CMakeFiles 1
Building C object CMakeFiles/cmTryCompileExec2604171059.dir/CheckFunctionExists.c.o
/usr/bin/cc   -DCHECK_FUNCTION_EXISTS=strncasecmp   -o CMakeFiles/cmTryCompileExec2604171059.dir/CheckFunctionExists.c.o   -c /usr/share/cmake-2.8/Modules/CheckFunctionExists.c
/usr/share/cmake-2.8/Modules/CheckFunctionExists.c:3:6: warning: conflicting types for built-in function ‘strncasecmp’ [enabled by default]
Linking C executable cmTryCompileExec2604171059
/usr/bin/cmake -E cmake_link_script CMakeFiles/cmTryCompileExec2604171059.dir/link.txt --verbose=1
/usr/bin/cc     -DCHECK_FUNCTION_EXISTS=strncasecmp    CMakeFiles/cmTryCompileExec2604171059.dir/CheckFunctionExists.c.o  -o cmTryCompileExec2604171059 -rdynamic 
make[1]: Leaving directory `/mnt/windows/data/programming/CRAP/lib/openal/cmake-build/CMakeFiles/CMakeTmp'


Determining if the function snprintf exists passed with the following output:
Change Dir: /mnt/windows/data/programming/CRAP/lib/openal/cmake-build/CMakeFiles/CMakeTmp

Run Build Command:/usr/bin/make "cmTryCompileExec3009542428/fast"
/usr/bin/make -f CMakeFiles/cmTryCompileExec3009542428.dir/build.make CMakeFiles/cmTryCompileExec3009542428.dir/build
make[1]: Entering directory `/mnt/windows/data/programming/CRAP/lib/openal/cmake-build/CMakeFiles/CMakeTmp'
/usr/bin/cmake -E cmake_progress_report /mnt/windows/data/programming/CRAP/lib/openal/cmake-build/CMakeFiles/CMakeTmp/CMakeFiles 1
Building C object CMakeFiles/cmTryCompileExec3009542428.dir/CheckFunctionExists.c.o
/usr/bin/cc   -DCHECK_FUNCTION_EXISTS=snprintf   -o CMakeFiles/cmTryCompileExec3009542428.dir/CheckFunctionExists.c.o   -c /usr/share/cmake-2.8/Modules/CheckFunctionExists.c
/usr/share/cmake-2.8/Modules/CheckFunctionExists.c:3:6: warning: conflicting types for built-in function ‘snprintf’ [enabled by default]
Linking C executable cmTryCompileExec3009542428
/usr/bin/cmake -E cmake_link_script CMakeFiles/cmTryCompileExec3009542428.dir/link.txt --verbose=1
/usr/bin/cc     -DCHECK_FUNCTION_EXISTS=snprintf    CMakeFiles/cmTryCompileExec3009542428.dir/CheckFunctionExists.c.o  -o cmTryCompileExec3009542428 -rdynamic 
make[1]: Leaving directory `/mnt/windows/data/programming/CRAP/lib/openal/cmake-build/CMakeFiles/CMakeTmp'


Determining if the function vsnprintf exists passed with the following output:
Change Dir: /mnt/windows/data/programming/CRAP/lib/openal/cmake-build/CMakeFiles/CMakeTmp

Run Build Command:/usr/bin/make "cmTryCompileExec3983542532/fast"
/usr/bin/make -f CMakeFiles/cmTryCompileExec3983542532.dir/build.make CMakeFiles/cmTryCompileExec3983542532.dir/build
make[1]: Entering directory `/mnt/windows/data/programming/CRAP/lib/openal/cmake-build/CMakeFiles/CMakeTmp'
/usr/bin/cmake -E cmake_progress_report /mnt/windows/data/programming/CRAP/lib/openal/cmake-build/CMakeFiles/CMakeTmp/CMakeFiles 1
Building C object CMakeFiles/cmTryCompileExec3983542532.dir/CheckFunctionExists.c.o
/usr/bin/cc   -DCHECK_FUNCTION_EXISTS=vsnprintf   -o CMakeFiles/cmTryCompileExec3983542532.dir/CheckFunctionExists.c.o   -c /usr/share/cmake-2.8/Modules/CheckFunctionExists.c
/usr/share/cmake-2.8/Modules/CheckFunctionExists.c:3:6: warning: conflicting types for built-in function ‘vsnprintf’ [enabled by default]
Linking C executable cmTryCompileExec3983542532
/usr/bin/cmake -E cmake_link_script CMakeFiles/cmTryCompileExec3983542532.dir/link.txt --verbose=1
/usr/bin/cc     -DCHECK_FUNCTION_EXISTS=vsnprintf    CMakeFiles/cmTryCompileExec3983542532.dir/CheckFunctionExists.c.o  -o cmTryCompileExec3983542532 -rdynamic 
make[1]: Leaving directory `/mnt/windows/data/programming/CRAP/lib/openal/cmake-build/CMakeFiles/CMakeTmp'


Determining if the isnan exist passed with the following output:
Change Dir: /mnt/windows/data/programming/CRAP/lib/openal/cmake-build/CMakeFiles/CMakeTmp

Run Build Command:/usr/bin/make "cmTryCompileExec3193168419/fast"
/usr/bin/make -f CMakeFiles/cmTryCompileExec3193168419.dir/build.make CMakeFiles/cmTryCompileExec3193168419.dir/build
make[1]: Entering directory `/mnt/windows/data/programming/CRAP/lib/openal/cmake-build/CMakeFiles/CMakeTmp'
/usr/bin/cmake -E cmake_progress_report /mnt/windows/data/programming/CRAP/lib/openal/cmake-build/CMakeFiles/CMakeTmp/CMakeFiles 1
Building C object CMakeFiles/cmTryCompileExec3193168419.dir/CheckSymbolExists.c.o
/usr/bin/cc    -o CMakeFiles/cmTryCompileExec3193168419.dir/CheckSymbolExists.c.o   -c /mnt/windows/data/programming/CRAP/lib/openal/cmake-build/CMakeFiles/CMakeTmp/CheckSymbolExists.c
Linking C executable cmTryCompileExec3193168419
/usr/bin/cmake -E cmake_link_script CMakeFiles/cmTryCompileExec3193168419.dir/link.txt --verbose=1
/usr/bin/cc         CMakeFiles/cmTryCompileExec3193168419.dir/CheckSymbolExists.c.o  -o cmTryCompileExec3193168419 -rdynamic 
make[1]: Leaving directory `/mnt/windows/data/programming/CRAP/lib/openal/cmake-build/CMakeFiles/CMakeTmp'

File /mnt/windows/data/programming/CRAP/lib/openal/cmake-build/CMakeFiles/CMakeTmp/CheckSymbolExists.c:
/* */
#include <math.h>

int main(int argc, char** argv)
{
  (void)argv;
#ifndef isnan
  return ((int*)(&isnan))[argc];
#else
  (void)argc;
  return 0;
#endif
}

Determining if the include file dlfcn.h exists passed with the following output:
Change Dir: /mnt/windows/data/programming/CRAP/lib/openal/cmake-build/CMakeFiles/CMakeTmp

Run Build Command:/usr/bin/make "cmTryCompileExec3386375065/fast"
/usr/bin/make -f CMakeFiles/cmTryCompileExec3386375065.dir/build.make CMakeFiles/cmTryCompileExec3386375065.dir/build
make[1]: Entering directory `/mnt/windows/data/programming/CRAP/lib/openal/cmake-build/CMakeFiles/CMakeTmp'
/usr/bin/cmake -E cmake_progress_report /mnt/windows/data/programming/CRAP/lib/openal/cmake-build/CMakeFiles/CMakeTmp/CMakeFiles 1
Building C object CMakeFiles/cmTryCompileExec3386375065.dir/CheckIncludeFile.c.o
/usr/bin/cc    -o CMakeFiles/cmTryCompileExec3386375065.dir/CheckIncludeFile.c.o   -c /mnt/windows/data/programming/CRAP/lib/openal/cmake-build/CMakeFiles/CMakeTmp/CheckIncludeFile.c
Linking C executable cmTryCompileExec3386375065
/usr/bin/cmake -E cmake_link_script CMakeFiles/cmTryCompileExec3386375065.dir/link.txt --verbose=1
/usr/bin/cc         CMakeFiles/cmTryCompileExec3386375065.dir/CheckIncludeFile.c.o  -o cmTryCompileExec3386375065 -rdynamic 
make[1]: Leaving directory `/mnt/windows/data/programming/CRAP/lib/openal/cmake-build/CMakeFiles/CMakeTmp'


Determining if the function dlopen exists in the dl passed with the following output:
Change Dir: /mnt/windows/data/programming/CRAP/lib/openal/cmake-build/CMakeFiles/CMakeTmp

Run Build Command:/usr/bin/make "cmTryCompileExec4123108776/fast"
/usr/bin/make -f CMakeFiles/cmTryCompileExec4123108776.dir/build.make CMakeFiles/cmTryCompileExec4123108776.dir/build
make[1]: Entering directory `/mnt/windows/data/programming/CRAP/lib/openal/cmake-build/CMakeFiles/CMakeTmp'
/usr/bin/cmake -E cmake_progress_report /mnt/windows/data/programming/CRAP/lib/openal/cmake-build/CMakeFiles/CMakeTmp/CMakeFiles 1
Building C object CMakeFiles/cmTryCompileExec4123108776.dir/CheckFunctionExists.c.o
/usr/bin/cc   -DCHECK_FUNCTION_EXISTS=dlopen   -o CMakeFiles/cmTryCompileExec4123108776.dir/CheckFunctionExists.c.o   -c /usr/share/cmake-2.8/Modules/CheckFunctionExists.c
Linking C executable cmTryCompileExec4123108776
/usr/bin/cmake -E cmake_link_script CMakeFiles/cmTryCompileExec4123108776.dir/link.txt --verbose=1
/usr/bin/cc     -DCHECK_FUNCTION_EXISTS=dlopen    CMakeFiles/cmTryCompileExec4123108776.dir/CheckFunctionExists.c.o  -o cmTryCompileExec4123108776 -rdynamic -ldl 
make[1]: Leaving directory `/mnt/windows/data/programming/CRAP/lib/openal/cmake-build/CMakeFiles/CMakeTmp'


Determining if the function gettimeofday exists passed with the following output:
Change Dir: /mnt/windows/data/programming/CRAP/lib/openal/cmake-build/CMakeFiles/CMakeTmp

Run Build Command:/usr/bin/make "cmTryCompileExec3711661449/fast"
/usr/bin/make -f CMakeFiles/cmTryCompileExec3711661449.dir/build.make CMakeFiles/cmTryCompileExec3711661449.dir/build
make[1]: Entering directory `/mnt/windows/data/programming/CRAP/lib/openal/cmake-build/CMakeFiles/CMakeTmp'
/usr/bin/cmake -E cmake_progress_report /mnt/windows/data/programming/CRAP/lib/openal/cmake-build/CMakeFiles/CMakeTmp/CMakeFiles 1
Building C object CMakeFiles/cmTryCompileExec3711661449.dir/CheckFunctionExists.c.o
/usr/bin/cc   -DCHECK_FUNCTION_EXISTS=gettimeofday   -o CMakeFiles/cmTryCompileExec3711661449.dir/CheckFunctionExists.c.o   -c /usr/share/cmake-2.8/Modules/CheckFunctionExists.c
Linking C executable cmTryCompileExec3711661449
/usr/bin/cmake -E cmake_link_script CMakeFiles/cmTryCompileExec3711661449.dir/link.txt --verbose=1
/usr/bin/cc     -DCHECK_FUNCTION_EXISTS=gettimeofday    CMakeFiles/cmTryCompileExec3711661449.dir/CheckFunctionExists.c.o  -o cmTryCompileExec3711661449 -rdynamic 
make[1]: Leaving directory `/mnt/windows/data/programming/CRAP/lib/openal/cmake-build/CMakeFiles/CMakeTmp'


Determining if the function nanosleep exists passed with the following output:
Change Dir: /mnt/windows/data/programming/CRAP/lib/openal/cmake-build/CMakeFiles/CMakeTmp

Run Build Command:/usr/bin/make "cmTryCompileExec1140064686/fast"
/usr/bin/make -f CMakeFiles/cmTryCompileExec1140064686.dir/build.make CMakeFiles/cmTryCompileExec1140064686.dir/build
make[1]: Entering directory `/mnt/windows/data/programming/CRAP/lib/openal/cmake-build/CMakeFiles/CMakeTmp'
/usr/bin/cmake -E cmake_progress_report /mnt/windows/data/programming/CRAP/lib/openal/cmake-build/CMakeFiles/CMakeTmp/CMakeFiles 1
Building C object CMakeFiles/cmTryCompileExec1140064686.dir/CheckFunctionExists.c.o
/usr/bin/cc   -DCHECK_FUNCTION_EXISTS=nanosleep   -o CMakeFiles/cmTryCompileExec1140064686.dir/CheckFunctionExists.c.o   -c /usr/share/cmake-2.8/Modules/CheckFunctionExists.c
Linking C executable cmTryCompileExec1140064686
/usr/bin/cmake -E cmake_link_script CMakeFiles/cmTryCompileExec1140064686.dir/link.txt --verbose=1
/usr/bin/cc     -DCHECK_FUNCTION_EXISTS=nanosleep    CMakeFiles/cmTryCompileExec1140064686.dir/CheckFunctionExists.c.o  -o cmTryCompileExec1140064686 -rdynamic 
make[1]: Leaving directory `/mnt/windows/data/programming/CRAP/lib/openal/cmake-build/CMakeFiles/CMakeTmp'


Performing C SOURCE FILE Test HAVE_PTHREAD succeded with the following output:
Change Dir: /mnt/windows/data/programming/CRAP/lib/openal/cmake-build/CMakeFiles/CMakeTmp

Run Build Command:/usr/bin/make "cmTryCompileExec2253958891/fast"
/usr/bin/make -f CMakeFiles/cmTryCompileExec2253958891.dir/build.make CMakeFiles/cmTryCompileExec2253958891.dir/build
make[1]: Entering directory `/mnt/windows/data/programming/CRAP/lib/openal/cmake-build/CMakeFiles/CMakeTmp'
/usr/bin/cmake -E cmake_progress_report /mnt/windows/data/programming/CRAP/lib/openal/cmake-build/CMakeFiles/CMakeTmp/CMakeFiles 1
Building C object CMakeFiles/cmTryCompileExec2253958891.dir/src.c.o
/usr/bin/cc   -pthread   -o CMakeFiles/cmTryCompileExec2253958891.dir/src.c.o   -c /mnt/windows/data/programming/CRAP/lib/openal/cmake-build/CMakeFiles/CMakeTmp/src.c
Linking C executable cmTryCompileExec2253958891
/usr/bin/cmake -E cmake_link_script CMakeFiles/cmTryCompileExec2253958891.dir/link.txt --verbose=1
/usr/bin/cc     -pthread    CMakeFiles/cmTryCompileExec2253958891.dir/src.c.o  -o cmTryCompileExec2253958891 -rdynamic 
make[1]: Leaving directory `/mnt/windows/data/programming/CRAP/lib/openal/cmake-build/CMakeFiles/CMakeTmp'

Source file was:

Determining if the include file pthread.h exists passed with the following output:
Change Dir: /mnt/windows/data/programming/CRAP/lib/openal/cmake-build/CMakeFiles/CMakeTmp

Run Build Command:/usr/bin/make "cmTryCompileExec1833620054/fast"
/usr/bin/make -f CMakeFiles/cmTryCompileExec1833620054.dir/build.make CMakeFiles/cmTryCompileExec1833620054.dir/build
make[1]: Entering directory `/mnt/windows/data/programming/CRAP/lib/openal/cmake-build/CMakeFiles/CMakeTmp'
/usr/bin/cmake -E cmake_progress_report /mnt/windows/data/programming/CRAP/lib/openal/cmake-build/CMakeFiles/CMakeTmp/CMakeFiles 1
Building C object CMakeFiles/cmTryCompileExec1833620054.dir/CheckIncludeFile.c.o
/usr/bin/cc    -o CMakeFiles/cmTryCompileExec1833620054.dir/CheckIncludeFile.c.o   -c /mnt/windows/data/programming/CRAP/lib/openal/cmake-build/CMakeFiles/CMakeTmp/CheckIncludeFile.c
Linking C executable cmTryCompileExec1833620054
/usr/bin/cmake -E cmake_link_script CMakeFiles/cmTryCompileExec1833620054.dir/link.txt --verbose=1
/usr/bin/cc         CMakeFiles/cmTryCompileExec1833620054.dir/CheckIncludeFile.c.o  -o cmTryCompileExec1833620054 -rdynamic 
make[1]: Leaving directory `/mnt/windows/data/programming/CRAP/lib/openal/cmake-build/CMakeFiles/CMakeTmp'


Determining if the function pthread_create exists in the pthread passed with the following output:
Change Dir: /mnt/windows/data/programming/CRAP/lib/openal/cmake-build/CMakeFiles/CMakeTmp

Run Build Command:/usr/bin/make "cmTryCompileExec749663985/fast"
/usr/bin/make -f CMakeFiles/cmTryCompileExec749663985.dir/build.make CMakeFiles/cmTryCompileExec749663985.dir/build
make[1]: Entering directory `/mnt/windows/data/programming/CRAP/lib/openal/cmake-build/CMakeFiles/CMakeTmp'
/usr/bin/cmake -E cmake_progress_report /mnt/windows/data/programming/CRAP/lib/openal/cmake-build/CMakeFiles/CMakeTmp/CMakeFiles 1
Building C object CMakeFiles/cmTryCompileExec749663985.dir/CheckFunctionExists.c.o
/usr/bin/cc   -DCHECK_FUNCTION_EXISTS=pthread_create   -o CMakeFiles/cmTryCompileExec749663985.dir/CheckFunctionExists.c.o   -c /usr/share/cmake-2.8/Modules/CheckFunctionExists.c
Linking C executable cmTryCompileExec749663985
/usr/bin/cmake -E cmake_link_script CMakeFiles/cmTryCompileExec749663985.dir/link.txt --verbose=1
/usr/bin/cc     -DCHECK_FUNCTION_EXISTS=pthread_create    CMakeFiles/cmTryCompileExec749663985.dir/CheckFunctionExists.c.o  -o cmTryCompileExec749663985 -rdynamic -lpthread 
make[1]: Leaving directory `/mnt/windows/data/programming/CRAP/lib/openal/cmake-build/CMakeFiles/CMakeTmp'


Determining if the function pthread_setschedparam exists in the pthread passed with the following output:
Change Dir: /mnt/windows/data/programming/CRAP/lib/openal/cmake-build/CMakeFiles/CMakeTmp

Run Build Command:/usr/bin/make "cmTryCompileExec1958330431/fast"
/usr/bin/make -f CMakeFiles/cmTryCompileExec1958330431.dir/build.make CMakeFiles/cmTryCompileExec1958330431.dir/build
make[1]: Entering directory `/mnt/windows/data/programming/CRAP/lib/openal/cmake-build/CMakeFiles/CMakeTmp'
/usr/bin/cmake -E cmake_progress_report /mnt/windows/data/programming/CRAP/lib/openal/cmake-build/CMakeFiles/CMakeTmp/CMakeFiles 1
Building C object CMakeFiles/cmTryCompileExec1958330431.dir/CheckFunctionExists.c.o
/usr/bin/cc   -DCHECK_FUNCTION_EXISTS=pthread_setschedparam   -o CMakeFiles/cmTryCompileExec1958330431.dir/CheckFunctionExists.c.o   -c /usr/share/cmake-2.8/Modules/CheckFunctionExists.c
Linking C executable cmTryCompileExec1958330431
/usr/bin/cmake -E cmake_link_script CMakeFiles/cmTryCompileExec1958330431.dir/link.txt --verbose=1
/usr/bin/cc     -DCHECK_FUNCTION_EXISTS=pthread_setschedparam    CMakeFiles/cmTryCompileExec1958330431.dir/CheckFunctionExists.c.o  -o cmTryCompileExec1958330431 -rdynamic -lpthread 
make[1]: Leaving directory `/mnt/windows/data/programming/CRAP/lib/openal/cmake-build/CMakeFiles/CMakeTmp'


Determining if the function clock_gettime exists in the rt passed with the following output:
Change Dir: /mnt/windows/data/programming/CRAP/lib/openal/cmake-build/CMakeFiles/CMakeTmp

Run Build Command:/usr/bin/make "cmTryCompileExec3547383451/fast"
/usr/bin/make -f CMakeFiles/cmTryCompileExec3547383451.dir/build.make CMakeFiles/cmTryCompileExec3547383451.dir/build
make[1]: Entering directory `/mnt/windows/data/programming/CRAP/lib/openal/cmake-build/CMakeFiles/CMakeTmp'
/usr/bin/cmake -E cmake_progress_report /mnt/windows/data/programming/CRAP/lib/openal/cmake-build/CMakeFiles/CMakeTmp/CMakeFiles 1
Building C object CMakeFiles/cmTryCompileExec3547383451.dir/CheckFunctionExists.c.o
/usr/bin/cc   -DCHECK_FUNCTION_EXISTS=clock_gettime   -o CMakeFiles/cmTryCompileExec3547383451.dir/CheckFunctionExists.c.o   -c /usr/share/cmake-2.8/Modules/CheckFunctionExists.c
Linking C executable cmTryCompileExec3547383451
/usr/bin/cmake -E cmake_link_script CMakeFiles/cmTryCompileExec3547383451.dir/link.txt --verbose=1
/usr/bin/cc     -DCHECK_FUNCTION_EXISTS=clock_gettime    CMakeFiles/cmTryCompileExec3547383451.dir/CheckFunctionExists.c.o  -o cmTryCompileExec3547383451 -rdynamic -lrt 
make[1]: Leaving directory `/mnt/windows/data/programming/CRAP/lib/openal/cmake-build/CMakeFiles/CMakeTmp'


Determining if the include file alsa/asoundlib.h exists passed with the following output:
Change Dir: /mnt/windows/data/programming/CRAP/lib/openal/cmake-build/CMakeFiles/CMakeTmp

Run Build Command:/usr/bin/make "cmTryCompileExec3756233289/fast"
/usr/bin/make -f CMakeFiles/cmTryCompileExec3756233289.dir/build.make CMakeFiles/cmTryCompileExec3756233289.dir/build
make[1]: Entering directory `/mnt/windows/data/programming/CRAP/lib/openal/cmake-build/CMakeFiles/CMakeTmp'
/usr/bin/cmake -E cmake_progress_report /mnt/windows/data/programming/CRAP/lib/openal/cmake-build/CMakeFiles/CMakeTmp/CMakeFiles 1
Building C object CMakeFiles/cmTryCompileExec3756233289.dir/CheckIncludeFile.c.o
/usr/bin/cc    -o CMakeFiles/cmTryCompileExec3756233289.dir/CheckIncludeFile.c.o   -c /mnt/windows/data/programming/CRAP/lib/openal/cmake-build/CMakeFiles/CMakeTmp/CheckIncludeFile.c
Linking C executable cmTryCompileExec3756233289
/usr/bin/cmake -E cmake_link_script CMakeFiles/cmTryCompileExec3756233289.dir/link.txt --verbose=1
/usr/bin/cc         CMakeFiles/cmTryCompileExec3756233289.dir/CheckIncludeFile.c.o  -o cmTryCompileExec3756233289 -rdynamic 
make[1]: Leaving directory `/mnt/windows/data/programming/CRAP/lib/openal/cmake-build/CMakeFiles/CMakeTmp'


Determining if the function snd_pcm_open exists in the asound passed with the following output:
Change Dir: /mnt/windows/data/programming/CRAP/lib/openal/cmake-build/CMakeFiles/CMakeTmp

Run Build Command:/usr/bin/make "cmTryCompileExec661919231/fast"
/usr/bin/make -f CMakeFiles/cmTryCompileExec661919231.dir/build.make CMakeFiles/cmTryCompileExec661919231.dir/build
make[1]: Entering directory `/mnt/windows/data/programming/CRAP/lib/openal/cmake-build/CMakeFiles/CMakeTmp'
/usr/bin/cmake -E cmake_progress_report /mnt/windows/data/programming/CRAP/lib/openal/cmake-build/CMakeFiles/CMakeTmp/CMakeFiles 1
Building C object CMakeFiles/cmTryCompileExec661919231.dir/CheckSharedFunctionExists.c.o
/usr/bin/cc   -DCHECK_SHARED_FUNCTION_EXISTS=snd_pcm_open   -o CMakeFiles/cmTryCompileExec661919231.dir/CheckSharedFunctionExists.c.o   -c /mnt/windows/data/programming/CRAP/lib/openal/cmake/CheckSharedFunctionExists.c
Linking C executable cmTryCompileExec661919231
/usr/bin/cmake -E cmake_link_script CMakeFiles/cmTryCompileExec661919231.dir/link.txt --verbose=1
/usr/bin/cc     -DCHECK_SHARED_FUNCTION_EXISTS=snd_pcm_open    CMakeFiles/cmTryCompileExec661919231.dir/CheckSharedFunctionExists.c.o  -o cmTryCompileExec661919231 -rdynamic -lasound 
make[1]: Leaving directory `/mnt/windows/data/programming/CRAP/lib/openal/cmake-build/CMakeFiles/CMakeTmp'


Determining if the include file sys/soundcard.h exists passed with the following output:
Change Dir: /mnt/windows/data/programming/CRAP/lib/openal/cmake-build/CMakeFiles/CMakeTmp

Run Build Command:/usr/bin/make "cmTryCompileExec2632830247/fast"
/usr/bin/make -f CMakeFiles/cmTryCompileExec2632830247.dir/build.make CMakeFiles/cmTryCompileExec2632830247.dir/build
make[1]: Entering directory `/mnt/windows/data/programming/CRAP/lib/openal/cmake-build/CMakeFiles/CMakeTmp'
/usr/bin/cmake -E cmake_progress_report /mnt/windows/data/programming/CRAP/lib/openal/cmake-build/CMakeFiles/CMakeTmp/CMakeFiles 1
Building C object CMakeFiles/cmTryCompileExec2632830247.dir/CheckIncludeFile.c.o
/usr/bin/cc    -o CMakeFiles/cmTryCompileExec2632830247.dir/CheckIncludeFile.c.o   -c /mnt/windows/data/programming/CRAP/lib/openal/cmake-build/CMakeFiles/CMakeTmp/CheckIncludeFile.c
Linking C executable cmTryCompileExec2632830247
/usr/bin/cmake -E cmake_link_script CMakeFiles/cmTryCompileExec2632830247.dir/link.txt --verbose=1
/usr/bin/cc         CMakeFiles/cmTryCompileExec2632830247.dir/CheckIncludeFile.c.o  -o cmTryCompileExec2632830247 -rdynamic 
make[1]: Leaving directory `/mnt/windows/data/programming/CRAP/lib/openal/cmake-build/CMakeFiles/CMakeTmp'


Determining if the include file pulse/pulseaudio.h exists passed with the following output:
Change Dir: /mnt/windows/data/programming/CRAP/lib/openal/cmake-build/CMakeFiles/CMakeTmp

Run Build Command:/usr/bin/make "cmTryCompileExec1722586388/fast"
/usr/bin/make -f CMakeFiles/cmTryCompileExec1722586388.dir/build.make CMakeFiles/cmTryCompileExec1722586388.dir/build
make[1]: Entering directory `/mnt/windows/data/programming/CRAP/lib/openal/cmake-build/CMakeFiles/CMakeTmp'
/usr/bin/cmake -E cmake_progress_report /mnt/windows/data/programming/CRAP/lib/openal/cmake-build/CMakeFiles/CMakeTmp/CMakeFiles 1
Building C object CMakeFiles/cmTryCompileExec1722586388.dir/CheckIncludeFile.c.o
/usr/bin/cc    -o CMakeFiles/cmTryCompileExec1722586388.dir/CheckIncludeFile.c.o   -c /mnt/windows/data/programming/CRAP/lib/openal/cmake-build/CMakeFiles/CMakeTmp/CheckIncludeFile.c
Linking C executable cmTryCompileExec1722586388
/usr/bin/cmake -E cmake_link_script CMakeFiles/cmTryCompileExec1722586388.dir/link.txt --verbose=1
/usr/bin/cc         CMakeFiles/cmTryCompileExec1722586388.dir/CheckIncludeFile.c.o  -o cmTryCompileExec1722586388 -rdynamic 
make[1]: Leaving directory `/mnt/windows/data/programming/CRAP/lib/openal/cmake-build/CMakeFiles/CMakeTmp'


Determining if the function pa_context_new exists in the pulse passed with the following output:
Change Dir: /mnt/windows/data/programming/CRAP/lib/openal/cmake-build/CMakeFiles/CMakeTmp

Run Build Command:/usr/bin/make "cmTryCompileExec2850894523/fast"
/usr/bin/make -f CMakeFiles/cmTryCompileExec2850894523.dir/build.make CMakeFiles/cmTryCompileExec2850894523.dir/build
make[1]: Entering directory `/mnt/windows/data/programming/CRAP/lib/openal/cmake-build/CMakeFiles/CMakeTmp'
/usr/bin/cmake -E cmake_progress_report /mnt/windows/data/programming/CRAP/lib/openal/cmake-build/CMakeFiles/CMakeTmp/CMakeFiles 1
Building C object CMakeFiles/cmTryCompileExec2850894523.dir/CheckSharedFunctionExists.c.o
/usr/bin/cc   -DCHECK_SHARED_FUNCTION_EXISTS=pa_context_new   -o CMakeFiles/cmTryCompileExec2850894523.dir/CheckSharedFunctionExists.c.o   -c /mnt/windows/data/programming/CRAP/lib/openal/cmake/CheckSharedFunctionExists.c
Linking C executable cmTryCompileExec2850894523
/usr/bin/cmake -E cmake_link_script CMakeFiles/cmTryCompileExec2850894523.dir/link.txt --verbose=1
/usr/bin/cc     -DCHECK_SHARED_FUNCTION_EXISTS=pa_context_new    CMakeFiles/cmTryCompileExec2850894523.dir/CheckSharedFunctionExists.c.o  -o cmTryCompileExec2850894523 -rdynamic -lpulse 
make[1]: Leaving directory `/mnt/windows/data/programming/CRAP/lib/openal/cmake-build/CMakeFiles/CMakeTmp'


